Using pre-set license
Built from 'Projects/world_x_2022_lts' branch; Version is '2022.3.6f1 (0e750bbc69ad) revision 947467'; Using compiler version '192829337'; Build Type 'Release'
OS: 'Windows 10  (10.0.19045) 64bit Professional' Language: 'zh' Physical Memory: 32577 MB
BatchMode: 1, IsHumanControllingUs: 0, StartBugReporterOnCrash: 0, Is64bit: 1, IsPro: 1

COMMAND LINE ARGUMENTS:
C:\WorldXWorkspace\p4\unity_2022\WindowsEditor\x64\Release\Unity.exe
-adb2
-batchMode
-noUpm
-name
AssetImportWorker3
-projectPath
C:/WorldXWorkspace/Deformation/SoftBodySimulation-master
-logFile
Logs/AssetImportWorker3.log
-srvPort
55747
Successfully changed project path to: C:/WorldXWorkspace/Deformation/SoftBodySimulation-master
C:/WorldXWorkspace/Deformation/SoftBodySimulation-master
[UnityMemory] Configuration Parameters - Can be set up in boot.config
    "memorysetup-bucket-allocator-granularity=16"
    "memorysetup-bucket-allocator-bucket-count=8"
    "memorysetup-bucket-allocator-block-size=33554432"
    "memorysetup-bucket-allocator-block-count=8"
    "memorysetup-main-allocator-block-size=16777216"
    "memorysetup-thread-allocator-block-size=16777216"
    "memorysetup-gfx-main-allocator-block-size=16777216"
    "memorysetup-gfx-thread-allocator-block-size=16777216"
    "memorysetup-cache-allocator-block-size=4194304"
    "memorysetup-typetree-allocator-block-size=2097152"
    "memorysetup-profiler-bucket-allocator-granularity=16"
    "memorysetup-profiler-bucket-allocator-bucket-count=8"
    "memorysetup-profiler-bucket-allocator-block-size=33554432"
    "memorysetup-profiler-bucket-allocator-block-count=8"
    "memorysetup-profiler-allocator-block-size=16777216"
    "memorysetup-profiler-editor-allocator-block-size=1048576"
    "memorysetup-temp-allocator-size-main=16777216"
    "memorysetup-job-temp-allocator-block-size=2097152"
    "memorysetup-job-temp-allocator-block-size-background=1048576"
    "memorysetup-job-temp-allocator-reduction-small-platforms=262144"
    "memorysetup-allocator-temp-initial-block-size-main=262144"
    "memorysetup-allocator-temp-initial-block-size-worker=262144"
    "memorysetup-temp-allocator-size-background-worker=32768"
    "memorysetup-temp-allocator-size-job-worker=262144"
    "memorysetup-temp-allocator-size-preload-manager=33554432"
    "memorysetup-temp-allocator-size-nav-mesh-worker=65536"
    "memorysetup-temp-allocator-size-audio-worker=65536"
    "memorysetup-temp-allocator-size-cloud-worker=32768"
    "memorysetup-temp-allocator-size-gi-baking-worker=262144"
    "memorysetup-temp-allocator-size-gfx=262144"
Player connection [7512] Host "[IP] 10.8.43.123 [Port] 0 [Flags] 2 [Guid] 2417795749 [EditorId] 2417795749 [Version] 1048832 [Id] WindowsEditor(7,HZPCC0420167) [Debug] 1 [PackageName] WindowsEditor [ProjectName] Editor" joined multi-casting on [225.0.0.222:54997]...

Player connection [7512] Host "[IP] 10.8.43.123 [Port] 0 [Flags] 2 [Guid] 2417795749 [EditorId] 2417795749 [Version] 1048832 [Id] WindowsEditor(7,HZPCC0420167) [Debug] 1 [PackageName] WindowsEditor [ProjectName] Editor" joined alternative multi-casting on [225.0.0.222:34997]...

Refreshing native plugins compatible for Editor in 27.30 ms, found 2 plugins.
Preloading 0 native plugins for Editor in 0.00 ms.
Initialize engine version: 2022.3.6f1 (0e750bbc69ad)
[Subsystems] Discovering subsystems at path C:/WorldXWorkspace/p4/unity_2022/WindowsEditor/x64/Release/Data/Resources/UnitySubsystems
[Subsystems] Discovering subsystems at path C:/WorldXWorkspace/Deformation/SoftBodySimulation-master/Assets
GfxDevice: creating device client; threaded=0; jobified=0
Direct3D:
    Version:  Direct3D 11.0 [level 11.1]
    Renderer: NVIDIA GeForce RTX 3060 (ID=0x2504)
    Vendor:   NVIDIA
    VRAM:     12129 MB
    Driver:   31.0.15.3161
Initialize mono
Mono path[0] = 'C:/WorldXWorkspace/p4/unity_2022/WindowsEditor/x64/Release/Data/Managed'
Mono path[1] = 'C:/WorldXWorkspace/p4/unity_2022/WindowsEditor/x64/Release/Data/MonoBleedingEdge/lib/mono/unityjit-win32'
Mono config path = 'C:/WorldXWorkspace/p4/unity_2022/WindowsEditor/x64/Release/Data/MonoBleedingEdge/etc'
Using monoOptions --debugger-agent=transport=dt_socket,embedding=1,server=y,suspend=n,address=127.0.0.1:56696
Begin MonoManager ReloadAssembly
Registering precompiled unity dll's ...
Register platform support module: C:/WorldXWorkspace/p4/unity_2022/WindowsEditor/x64/Release/Data/PlaybackEngines/WindowsStandaloneSupport/UnityEditor.WindowsStandalone.Extensions.dll
Registered in 0.035869 seconds.
- Loaded All Assemblies, in  0.584 seconds
Native extension for WindowsStandalone target not found
Mono: successfully reloaded assembly
- Finished resetting the current domain, in  0.459 seconds
Domain Reload Profiling: 1037ms
	BeginReloadAssembly (180ms)
		ExecutionOrderSort (0ms)
		DisableScriptedObjects (0ms)
		BackupInstance (0ms)
		ReleaseScriptingObjects (0ms)
		CreateAndSetChildDomain (1ms)
	RebuildCommonClasses (52ms)
	RebuildNativeTypeToScriptingClass (18ms)
	initialDomainReloadingComplete (132ms)
	LoadAllAssembliesAndSetupDomain (195ms)
		LoadAssemblies (165ms)
		RebuildTransferFunctionScriptingTraits (0ms)
		AnalyzeDomain (179ms)
			TypeCache.Refresh (178ms)
				TypeCache.ScanAssembly (162ms)
			ScanForSourceGeneratedMonoScriptInfo (0ms)
			ResolveRequiredComponents (1ms)
	FinalizeReload (460ms)
		ReleaseScriptCaches (0ms)
		RebuildScriptCaches (0ms)
		SetupLoadedEditorAssemblies (370ms)
			LogAssemblyErrors (0ms)
			InitializePlatformSupportModulesInManaged (18ms)
			SetLoadedEditorAssemblies (12ms)
			RefreshPlugins (0ms)
			BeforeProcessingInitializeOnLoad (19ms)
			ProcessInitializeOnLoadAttributes (232ms)
			ProcessInitializeOnLoadMethodAttributes (90ms)
			AfterProcessingInitializeOnLoad (0ms)
			EditorAssembliesLoaded (0ms)
		ExecutionOrderSort2 (0ms)
		AwakeInstancesAfterBackupRestoration (0ms)
========================================================================
Worker process is ready to serve import requests
Begin MonoManager ReloadAssembly
- Loaded All Assemblies, in  1.025 seconds
Refreshing native plugins compatible for Editor in 5.05 ms, found 2 plugins.
Native extension for WindowsStandalone target not found
Mono: successfully reloaded assembly
- Finished resetting the current domain, in  0.802 seconds
Domain Reload Profiling: 1820ms
	BeginReloadAssembly (201ms)
		ExecutionOrderSort (0ms)
		DisableScriptedObjects (8ms)
		BackupInstance (0ms)
		ReleaseScriptingObjects (0ms)
		CreateAndSetChildDomain (26ms)
	RebuildCommonClasses (44ms)
	RebuildNativeTypeToScriptingClass (16ms)
	initialDomainReloadingComplete (64ms)
	LoadAllAssembliesAndSetupDomain (692ms)
		LoadAssemblies (460ms)
		RebuildTransferFunctionScriptingTraits (0ms)
		AnalyzeDomain (309ms)
			TypeCache.Refresh (292ms)
				TypeCache.ScanAssembly (271ms)
			ScanForSourceGeneratedMonoScriptInfo (13ms)
			ResolveRequiredComponents (4ms)
	FinalizeReload (803ms)
		ReleaseScriptCaches (0ms)
		RebuildScriptCaches (0ms)
		SetupLoadedEditorAssemblies (573ms)
			LogAssemblyErrors (0ms)
			InitializePlatformSupportModulesInManaged (20ms)
			SetLoadedEditorAssemblies (4ms)
			RefreshPlugins (0ms)
			BeforeProcessingInitializeOnLoad (116ms)
			ProcessInitializeOnLoadAttributes (350ms)
			ProcessInitializeOnLoadMethodAttributes (56ms)
			AfterProcessingInitializeOnLoad (27ms)
			EditorAssembliesLoaded (0ms)
		ExecutionOrderSort2 (0ms)
		AwakeInstancesAfterBackupRestoration (10ms)
Launched and connected shader compiler UnityShaderCompiler.exe after 0.07 seconds
Refreshing native plugins compatible for Editor in 2.29 ms, found 2 plugins.
Preloading 0 native plugins for Editor in 0.00 ms.
Unloading 1531 Unused Serialized files (Serialized files now loaded: 0)
Unloading 29 unused Assets / (272.8 KB). Loaded Objects now: 2010.
Memory consumption went from 83.9 MB to 83.7 MB.
Total: 2.267200 ms (FindLiveObjects: 0.105900 ms CreateObjectMapping: 0.025900 ms MarkObjects: 1.993500 ms  DeleteObjects: 0.140400 ms)

AssetImportParameters requested are different than current active one (requested -> active):
  custom:video-decoder-webm-vp8: 9c59270c3fd7afecdb556c50c9e8de78 -> 
  custom:SearchIndexIgnoredProperties: e643bd26f0fe6173181afceb89e7c659 -> 
  custom:container-demuxer-ogg: 62fdf1f143b41e24485cea50d1cbac27 -> 
  custom:AudioImporter_EditorPlatform: d09bf68614088b80899f8185d706f6e7 -> 
  custom:video-decoder-ogg-theora: a1e56fd34408186e4bbccfd4996cb3dc -> 
  custom:framework-win-MediaFoundation: 216162199b28c13a410421893ffa2e32 -> 
  custom:video-encoder-webm-vp8: eb34c28f22e8b96e1ab97ce403110664 -> 
  custom:audio-decoder-ogg-vorbis: bf7c407c2cedff20999df2af8eb42d56 -> 
  custom:CustomObjectIndexerAttribute: 756ad292c208cfabdd7b50bc23989ffe -> 
  custom:container-demuxer-webm: 4f35f7cbe854078d1ac9338744f61a02 -> 
  custom:audio-encoder-webm-vorbis: bf7c407c2cedff20999df2af8eb42d56 -> 
  custom:container-muxer-webm: aa71ff27fc2769a1b78a27578f13a17b -> 
========================================================================
Received Import Request.
  Time since last request: 29365.564276 seconds.
  path: Assets/README.txt
  artifactKey: Guid(2dd63f330cf43d2429ddd90cc823fd74) Importer(2089858483,0ecaa5967403d082aa24f35e1b516d23)
Start importing Assets/README.txt using Guid(2dd63f330cf43d2429ddd90cc823fd74) Importer(2089858483,0ecaa5967403d082aa24f35e1b516d23)  -> (artifact id: 'beeef54aa12c1b1ad4dd54f4663a05c4') in 0.111310 seconds
Number of updated asset objects reloaded before import = 0
Number of asset objects unloaded after import = 1
========================================================================
Received Import Request.
  Time since last request: 0.000029 seconds.
  path: Assets/Materials/Chrome.mat
  artifactKey: Guid(11f6a62bd47e8d74b8a81633f79b4aee) Importer(2089858483,0ecaa5967403d082aa24f35e1b516d23)
Start importing Assets/Materials/Chrome.mat using Guid(11f6a62bd47e8d74b8a81633f79b4aee) Importer(2089858483,0ecaa5967403d082aa24f35e1b516d23)  -> (artifact id: 'c5492b2182b15c64e0808e78cffe9b69') in 0.061322 seconds
Number of updated asset objects reloaded before import = 0
Number of asset objects unloaded after import = 1
========================================================================
Received Import Request.
  Time since last request: 0.000022 seconds.
  path: Assets/Importers/Slime_License.txt
  artifactKey: Guid(f77288f64f25a844a8e31880cefa10aa) Importer(2089858483,0ecaa5967403d082aa24f35e1b516d23)
Start importing Assets/Importers/Slime_License.txt using Guid(f77288f64f25a844a8e31880cefa10aa) Importer(2089858483,0ecaa5967403d082aa24f35e1b516d23)  -> (artifact id: '28f4c7c42613888862ba56eb3b51af53') in 0.006026 seconds
Number of updated asset objects reloaded before import = 0
Number of asset objects unloaded after import = 1
========================================================================
Received Import Request.
  Time since last request: 0.000028 seconds.
  path: Assets/Fluid/FluidSettings.lighting
  artifactKey: Guid(941cb7df51db25848a1b15a2ea0ff423) Importer(2089858483,0ecaa5967403d082aa24f35e1b516d23)
Start importing Assets/Fluid/FluidSettings.lighting using Guid(941cb7df51db25848a1b15a2ea0ff423) Importer(2089858483,0ecaa5967403d082aa24f35e1b516d23)  -> (artifact id: '68267725f67f84a349b219f946d4f0b5') in 0.025700 seconds
Number of updated asset objects reloaded before import = 0
Number of asset objects unloaded after import = 1
========================================================================
Received Import Request.
  Time since last request: 0.000027 seconds.
  path: Assets/Materials/Textures/Slime/001.png
  artifactKey: Guid(def10f781258c9846b95266369c245df) Importer(2089858483,0ecaa5967403d082aa24f35e1b516d23)
Start importing Assets/Materials/Textures/Slime/001.png using Guid(def10f781258c9846b95266369c245df) Importer(2089858483,0ecaa5967403d082aa24f35e1b516d23)  -> (artifact id: 'd7b06fb01dcf8e761007c4d30b4e8331') in 0.085081 seconds
Number of updated asset objects reloaded before import = 0
Number of asset objects unloaded after import = 1
========================================================================
Received Import Request.
  Time since last request: 0.000038 seconds.
  path: Assets/Scripts/SoftBodyPrototype.cs
  artifactKey: Guid(cee4a57c08e47fe43b618632bf84ea42) Importer(2089858483,0ecaa5967403d082aa24f35e1b516d23)
Start importing Assets/Scripts/SoftBodyPrototype.cs using Guid(cee4a57c08e47fe43b618632bf84ea42) Importer(2089858483,0ecaa5967403d082aa24f35e1b516d23)  -> (artifact id: '5e87fdcfe1a08648794b0b800962f7d4') in 0.009295 seconds
Number of updated asset objects reloaded before import = 0
Number of asset objects unloaded after import = 1
========================================================================
Received Import Request.
  Time since last request: 0.000021 seconds.
  path: Assets/Materials/Concrete.mat
  artifactKey: Guid(b2b24a830ce86fd40b7f0893a2a60b95) Importer(2089858483,0ecaa5967403d082aa24f35e1b516d23)
Start importing Assets/Materials/Concrete.mat using Guid(b2b24a830ce86fd40b7f0893a2a60b95) Importer(2089858483,0ecaa5967403d082aa24f35e1b516d23)  -> (artifact id: '7926a768ff487a7703fe95260492b9cb') in 0.007880 seconds
Number of updated asset objects reloaded before import = 0
Number of asset objects unloaded after import = 1
========================================================================
Received Import Request.
  Time since last request: 0.000022 seconds.
  path: Assets/Prefabs/SoftBodyCubeGreenJelly.prefab
  artifactKey: Guid(455606ec532fc20499d7526d12f5f003) Importer(2089858483,0ecaa5967403d082aa24f35e1b516d23)
Start importing Assets/Prefabs/SoftBodyCubeGreenJelly.prefab using Guid(455606ec532fc20499d7526d12f5f003) Importer(2089858483,0ecaa5967403d082aa24f35e1b516d23)  -> (artifact id: '36c8c43fcac236eb525aa9b089f3bb9f') in 0.033209 seconds
Number of updated asset objects reloaded before import = 0
Number of asset objects unloaded after import = 11
========================================================================
Received Import Request.
  Time since last request: 0.000026 seconds.
  path: Assets/Prefabs/SoftBodyCubeRedBig.prefab
  artifactKey: Guid(2073b74b2c3ce994ba3435002c1bc912) Importer(2089858483,0ecaa5967403d082aa24f35e1b516d23)
Start importing Assets/Prefabs/SoftBodyCubeRedBig.prefab using Guid(2073b74b2c3ce994ba3435002c1bc912) Importer(2089858483,0ecaa5967403d082aa24f35e1b516d23)  -> (artifact id: 'a52254eaebaaf0e05f31005fc5a23b38') in 0.013201 seconds
Number of updated asset objects reloaded before import = 0
Number of asset objects unloaded after import = 11
========================================================================
Received Import Request.
  Time since last request: 0.000022 seconds.
  path: Assets/Materials/Textures/Slime/002.png
  artifactKey: Guid(bd95995ecd252ae45a76517fd9c95aaf) Importer(2089858483,0ecaa5967403d082aa24f35e1b516d23)
Start importing Assets/Materials/Textures/Slime/002.png using Guid(bd95995ecd252ae45a76517fd9c95aaf) Importer(2089858483,0ecaa5967403d082aa24f35e1b516d23)  -> (artifact id: 'a7ab8b1248166617d40b51f711b1064c') in 0.057341 seconds
Number of updated asset objects reloaded before import = 0
Number of asset objects unloaded after import = 1
========================================================================
Received Import Request.
  Time since last request: 0.002290 seconds.
  path: Assets/Fluid/Fluid.shader
  artifactKey: Guid(ba1ca858b57a24e449f0c2e563f9f53d) Importer(2089858483,0ecaa5967403d082aa24f35e1b516d23)
Start importing Assets/Fluid/Fluid.shader using Guid(ba1ca858b57a24e449f0c2e563f9f53d) Importer(2089858483,0ecaa5967403d082aa24f35e1b516d23)  -> (artifact id: '35e578540811a60a1a9926203691e9ca') in 0.012496 seconds
Number of updated asset objects reloaded before import = 0
Number of asset objects unloaded after import = 1
========================================================================
Received Import Request.
  Time since last request: 0.000023 seconds.
  path: Assets/Scenes/Fluid.unity
  artifactKey: Guid(8c5c9eb5d0eaf624fbe920811dbc3c6e) Importer(2089858483,0ecaa5967403d082aa24f35e1b516d23)
Start importing Assets/Scenes/Fluid.unity using Guid(8c5c9eb5d0eaf624fbe920811dbc3c6e) Importer(2089858483,0ecaa5967403d082aa24f35e1b516d23)  -> (artifact id: 'c88d5f68da825f101a5db9109696ce84') in 0.005427 seconds
Number of updated asset objects reloaded before import = 0
Number of asset objects unloaded after import = 1
========================================================================
Received Import Request.
  Time since last request: 0.000020 seconds.
  path: Assets/Fluid/Resources/BillingMode.json
  artifactKey: Guid(b50179f3a0b9b6841a89faf41b0eab00) Importer(2089858483,0ecaa5967403d082aa24f35e1b516d23)
Start importing Assets/Fluid/Resources/BillingMode.json using Guid(b50179f3a0b9b6841a89faf41b0eab00) Importer(2089858483,0ecaa5967403d082aa24f35e1b516d23)  -> (artifact id: '449c306989a67a20acf85ccdf34a3cb4') in 0.015516 seconds
Number of updated asset objects reloaded before import = 0
Number of asset objects unloaded after import = 1
========================================================================
Received Import Request.
  Time since last request: 0.000022 seconds.
  path: Assets/Materials/Textures/Slime/000.png
  artifactKey: Guid(d50a1ebe4f905204bb2583a9901e451e) Importer(2089858483,0ecaa5967403d082aa24f35e1b516d23)
Start importing Assets/Materials/Textures/Slime/000.png using Guid(d50a1ebe4f905204bb2583a9901e451e) Importer(2089858483,0ecaa5967403d082aa24f35e1b516d23)  -> (artifact id: '043dae8923fda44b879ad53fe24df3ec') in 0.043137 seconds
Number of updated asset objects reloaded before import = 0
Number of asset objects unloaded after import = 1
Editor requested this worker to shutdown with reason: Scaling down because of idle timeout
TcpMessagingSession - receive error: operation aborted. errorcode: 995, details: 由于线程退出或应用程序请求，已中止 I/O 操作。
AssetImportWorker is now disconnected from the server
Process exiting
Exiting without the bug reporter. Application will terminate with return code 0